TN:
SF:converter.js
FN:14,arabicToRoman
FN:36,romanToArabic
FNF:2
FNH:2
FNDA:13,arabicToRoman
FNDA:10,romanToArabic
DA:2,1
DA:15,13
DA:16,3
DA:19,10
DA:20,10
DA:21,10
DA:22,130
DA:23,19
DA:24,19
DA:27,10
DA:37,10
DA:38,0
DA:41,10
DA:42,10
DA:43,10
DA:44,3
DA:47,7
DA:52,7
DA:53,7
DA:54,16
DA:55,16
DA:57,16
DA:58,2
DA:59,14
DA:60,9
DA:61,9
DA:63,5
DA:66,7
DA:69,1
LF:29
LH:28
BRDA:15,0,0,3
BRDA:15,0,1,10
BRDA:15,1,0,13
BRDA:15,1,1,13
BRDA:15,1,2,12
BRDA:15,1,3,10
BRDA:37,2,0,0
BRDA:37,2,1,10
BRDA:37,3,0,10
BRDA:37,3,1,10
BRDA:43,4,0,3
BRDA:43,4,1,7
BRDA:57,5,0,2
BRDA:57,5,1,14
BRDA:59,6,0,9
BRDA:59,6,1,5
BRF:16
BRH:15
end_of_record
TN:
SF:romanos.js
FN:157,(anonymous_0)
FN:173,(anonymous_1)
FNF:2
FNH:2
FNDA:3,(anonymous_0)
FNDA:3,(anonymous_1)
DA:1,1
DA:2,1
DA:7,1
DA:157,1
DA:158,3
DA:160,3
DA:161,1
DA:164,2
DA:165,2
DA:166,1
DA:168,1
DA:173,1
DA:174,3
DA:176,3
DA:177,1
DA:180,2
DA:181,2
DA:182,1
DA:184,1
DA:200,1
LF:20
LH:20
BRDA:160,0,0,1
BRDA:160,0,1,2
BRDA:174,1,0,2
BRDA:174,1,1,1
BRDA:176,2,0,1
BRDA:176,2,1,2
BRF:6
BRH:6
end_of_record
